<?xml version="1.0" encoding="UTF-8"?>
<testng-results skipped="0" failed="9" ignored="0" total="11" passed="2">
  <reporter-output>
  </reporter-output>
  <suite name="Default suite" duration-ms="118094" started-at="2020-10-02T22:24:02 EDT" finished-at="2020-10-02T22:26:00 EDT">
    <groups>
      <group name="lsn-test-one">
        <method signature="Team9_ProductDescriptionPageTestCases.TC_DD_PDP_ProductDetails_Cases(java.util.Hashtable)[pri:0, instance:com.dollardays.testcases.Team9_ProductDescriptionPageTestCases@4a7f959b]" name="TC_DD_PDP_ProductDetails_Cases" class="com.dollardays.testcases.Team9_ProductDescriptionPageTestCases"/>
      </group> <!-- lsn-test-one -->
    </groups>
    <test name="Default test" duration-ms="118094" started-at="2020-10-02T22:24:02 EDT" finished-at="2020-10-02T22:26:00 EDT">
      <class name="com.dollardays.testcases.Team9_ProductDescriptionPageTestCases">
        <test-method status="PASS" signature="beforeClass()[pri:0, instance:com.dollardays.testcases.Team9_ProductDescriptionPageTestCases@4a7f959b]" name="beforeClass" is-config="true" duration-ms="11" started-at="2020-10-02T22:24:02 EDT" finished-at="2020-10-02T22:24:02 EDT">
          <reporter-output>
          </reporter-output>
        </test-method> <!-- beforeClass -->
        <test-method status="PASS" signature="setUpBrowser()[pri:0, instance:com.dollardays.testcases.Team9_ProductDescriptionPageTestCases@4a7f959b]" name="setUpBrowser" is-config="true" duration-ms="12220" started-at="2020-10-02T22:24:02 EDT" finished-at="2020-10-02T22:24:14 EDT">
          <reporter-output>
          </reporter-output>
        </test-method> <!-- setUpBrowser -->
        <test-method status="PASS" signature="testMethodOne()[pri:0, instance:com.dollardays.testcases.Team9_ProductDescriptionPageTestCases@4a7f959b]" name="testMethodOne" duration-ms="7" started-at="2020-10-02T22:24:14 EDT" finished-at="2020-10-02T22:24:14 EDT">
          <reporter-output>
          </reporter-output>
        </test-method> <!-- testMethodOne -->
        <test-method status="PASS" signature="quit()[pri:0, instance:com.dollardays.testcases.Team9_ProductDescriptionPageTestCases@4a7f959b]" name="quit" is-config="true" duration-ms="949" started-at="2020-10-02T22:24:14 EDT" finished-at="2020-10-02T22:24:15 EDT">
          <reporter-output>
          </reporter-output>
        </test-method> <!-- quit -->
        <test-method status="PASS" signature="setUpBrowser()[pri:0, instance:com.dollardays.testcases.Team9_ProductDescriptionPageTestCases@4a7f959b]" name="setUpBrowser" is-config="true" duration-ms="8890" started-at="2020-10-02T22:24:15 EDT" finished-at="2020-10-02T22:24:24 EDT">
          <reporter-output>
          </reporter-output>
        </test-method> <!-- setUpBrowser -->
        <test-method status="PASS" signature="testMethodTwo()[pri:0, instance:com.dollardays.testcases.Team9_ProductDescriptionPageTestCases@4a7f959b]" name="testMethodTwo" duration-ms="1" started-at="2020-10-02T22:24:24 EDT" finished-at="2020-10-02T22:24:24 EDT">
          <reporter-output>
          </reporter-output>
        </test-method> <!-- testMethodTwo -->
        <test-method status="PASS" signature="quit()[pri:0, instance:com.dollardays.testcases.Team9_ProductDescriptionPageTestCases@4a7f959b]" name="quit" is-config="true" duration-ms="917" started-at="2020-10-02T22:24:24 EDT" finished-at="2020-10-02T22:24:25 EDT">
          <reporter-output>
          </reporter-output>
        </test-method> <!-- quit -->
        <test-method status="PASS" signature="setUpBrowser()[pri:0, instance:com.dollardays.testcases.Team9_ProductDescriptionPageTestCases@4a7f959b]" name="setUpBrowser" is-config="true" duration-ms="11930" started-at="2020-10-02T22:24:26 EDT" finished-at="2020-10-02T22:24:37 EDT">
          <reporter-output>
          </reporter-output>
        </test-method> <!-- setUpBrowser -->
        <test-method status="FAIL" signature="TC_DD_PDP_ProductDetails_Cases(java.util.Hashtable)[pri:0, instance:com.dollardays.testcases.Team9_ProductDescriptionPageTestCases@4a7f959b]" name="TC_DD_PDP_ProductDetails_Cases" duration-ms="92" started-at="2020-10-02T22:24:37 EDT" data-provider="dd-dataprovider" finished-at="2020-10-02T22:24:38 EDT">
          <params>
            <param index="0">
              <value>
                <![CDATA[{TestCase=Verify Image is displayed., Password=cGFzc3dvcmQxMjM=, Runmode=Yes, SheetName=Product Details, Verify Value=Image, UserName=srikanthtesting100@gmail.com, TCID=TC1}]]>
              </value>
            </param>
          </params>
          <exception class="java.lang.NullPointerException">
            <full-stacktrace>
              <![CDATA[java.lang.NullPointerException
at com.dollardays.testcases.Team9_ProductDescriptionPageTestCases.TC_DD_PDP_ProductDetails_Cases(Team9_ProductDescriptionPageTestCases.java:28)
at sun.reflect.NativeMethodAccessorImpl.invoke0(Native Method)
at sun.reflect.NativeMethodAccessorImpl.invoke(NativeMethodAccessorImpl.java:62)
at sun.reflect.DelegatingMethodAccessorImpl.invoke(DelegatingMethodAccessorImpl.java:43)
at java.lang.reflect.Method.invoke(Method.java:498)
at org.testng.internal.MethodInvocationHelper.invokeMethod(MethodInvocationHelper.java:132)
at org.testng.internal.TestInvoker.invokeMethod(TestInvoker.java:599)
at org.testng.internal.TestInvoker.invokeTestMethod(TestInvoker.java:174)
at org.testng.internal.MethodRunner.runInSequence(MethodRunner.java:46)
at org.testng.internal.TestInvoker$MethodInvocationAgent.invoke(TestInvoker.java:822)
at org.testng.internal.TestInvoker.invokeTestMethods(TestInvoker.java:147)
at org.testng.internal.TestMethodWorker.invokeTestMethods(TestMethodWorker.java:146)
at org.testng.internal.TestMethodWorker.run(TestMethodWorker.java:128)
at java.util.ArrayList.forEach(ArrayList.java:1257)
at org.testng.TestRunner.privateRun(TestRunner.java:764)
at org.testng.TestRunner.run(TestRunner.java:585)
at org.testng.SuiteRunner.runTest(SuiteRunner.java:384)
at org.testng.SuiteRunner.runSequentially(SuiteRunner.java:378)
at org.testng.SuiteRunner.privateRun(SuiteRunner.java:337)
at org.testng.SuiteRunner.run(SuiteRunner.java:286)
at org.testng.SuiteRunnerWorker.runSuite(SuiteRunnerWorker.java:53)
at org.testng.SuiteRunnerWorker.run(SuiteRunnerWorker.java:96)
at org.testng.TestNG.runSuitesSequentially(TestNG.java:1218)
at org.testng.TestNG.runSuitesLocally(TestNG.java:1140)
at org.testng.TestNG.runSuites(TestNG.java:1069)
at org.testng.TestNG.run(TestNG.java:1037)
at org.testng.remote.AbstractRemoteTestNG.run(AbstractRemoteTestNG.java:115)
at org.testng.remote.RemoteTestNG.initAndRun(RemoteTestNG.java:251)
at org.testng.remote.RemoteTestNG.main(RemoteTestNG.java:77)
]]>
            </full-stacktrace>
          </exception> <!-- java.lang.NullPointerException -->
          <reporter-output>
          </reporter-output>
        </test-method> <!-- TC_DD_PDP_ProductDetails_Cases -->
        <test-method status="PASS" signature="quit()[pri:0, instance:com.dollardays.testcases.Team9_ProductDescriptionPageTestCases@4a7f959b]" name="quit" is-config="true" duration-ms="854" started-at="2020-10-02T22:24:38 EDT" finished-at="2020-10-02T22:24:38 EDT">
          <reporter-output>
          </reporter-output>
        </test-method> <!-- quit -->
        <test-method status="PASS" signature="setUpBrowser()[pri:0, instance:com.dollardays.testcases.Team9_ProductDescriptionPageTestCases@4a7f959b]" name="setUpBrowser" is-config="true" duration-ms="9287" started-at="2020-10-02T22:24:38 EDT" finished-at="2020-10-02T22:24:48 EDT">
          <reporter-output>
          </reporter-output>
        </test-method> <!-- setUpBrowser -->
        <test-method status="FAIL" signature="TC_DD_PDP_ProductDetails_Cases(java.util.Hashtable)[pri:0, instance:com.dollardays.testcases.Team9_ProductDescriptionPageTestCases@4a7f959b]" name="TC_DD_PDP_ProductDetails_Cases" duration-ms="1" started-at="2020-10-02T22:24:48 EDT" data-provider="dd-dataprovider" finished-at="2020-10-02T22:24:48 EDT">
          <params>
            <param index="0">
              <value>
                <![CDATA[{TestCase=Verify Price is displayed., Password=cGFzc3dvcmQxMjM=, Runmode=Yes, SheetName=Product Details, Verify Value=Price, UserName=srikanthtesting100@gmail.com, TCID=TC2}]]>
              </value>
            </param>
          </params>
          <exception class="java.lang.NullPointerException">
            <full-stacktrace>
              <![CDATA[java.lang.NullPointerException
at com.dollardays.testcases.Team9_ProductDescriptionPageTestCases.TC_DD_PDP_ProductDetails_Cases(Team9_ProductDescriptionPageTestCases.java:28)
at sun.reflect.NativeMethodAccessorImpl.invoke0(Native Method)
at sun.reflect.NativeMethodAccessorImpl.invoke(NativeMethodAccessorImpl.java:62)
at sun.reflect.DelegatingMethodAccessorImpl.invoke(DelegatingMethodAccessorImpl.java:43)
at java.lang.reflect.Method.invoke(Method.java:498)
at org.testng.internal.MethodInvocationHelper.invokeMethod(MethodInvocationHelper.java:132)
at org.testng.internal.TestInvoker.invokeMethod(TestInvoker.java:599)
at org.testng.internal.TestInvoker.invokeTestMethod(TestInvoker.java:174)
at org.testng.internal.MethodRunner.runInSequence(MethodRunner.java:46)
at org.testng.internal.TestInvoker$MethodInvocationAgent.invoke(TestInvoker.java:822)
at org.testng.internal.TestInvoker.invokeTestMethods(TestInvoker.java:147)
at org.testng.internal.TestMethodWorker.invokeTestMethods(TestMethodWorker.java:146)
at org.testng.internal.TestMethodWorker.run(TestMethodWorker.java:128)
at java.util.ArrayList.forEach(ArrayList.java:1257)
at org.testng.TestRunner.privateRun(TestRunner.java:764)
at org.testng.TestRunner.run(TestRunner.java:585)
at org.testng.SuiteRunner.runTest(SuiteRunner.java:384)
at org.testng.SuiteRunner.runSequentially(SuiteRunner.java:378)
at org.testng.SuiteRunner.privateRun(SuiteRunner.java:337)
at org.testng.SuiteRunner.run(SuiteRunner.java:286)
at org.testng.SuiteRunnerWorker.runSuite(SuiteRunnerWorker.java:53)
at org.testng.SuiteRunnerWorker.run(SuiteRunnerWorker.java:96)
at org.testng.TestNG.runSuitesSequentially(TestNG.java:1218)
at org.testng.TestNG.runSuitesLocally(TestNG.java:1140)
at org.testng.TestNG.runSuites(TestNG.java:1069)
at org.testng.TestNG.run(TestNG.java:1037)
at org.testng.remote.AbstractRemoteTestNG.run(AbstractRemoteTestNG.java:115)
at org.testng.remote.RemoteTestNG.initAndRun(RemoteTestNG.java:251)
at org.testng.remote.RemoteTestNG.main(RemoteTestNG.java:77)
]]>
            </full-stacktrace>
          </exception> <!-- java.lang.NullPointerException -->
          <reporter-output>
          </reporter-output>
        </test-method> <!-- TC_DD_PDP_ProductDetails_Cases -->
        <test-method status="PASS" signature="quit()[pri:0, instance:com.dollardays.testcases.Team9_ProductDescriptionPageTestCases@4a7f959b]" name="quit" is-config="true" duration-ms="910" started-at="2020-10-02T22:24:48 EDT" finished-at="2020-10-02T22:24:49 EDT">
          <reporter-output>
          </reporter-output>
        </test-method> <!-- quit -->
        <test-method status="PASS" signature="setUpBrowser()[pri:0, instance:com.dollardays.testcases.Team9_ProductDescriptionPageTestCases@4a7f959b]" name="setUpBrowser" is-config="true" duration-ms="9764" started-at="2020-10-02T22:24:49 EDT" finished-at="2020-10-02T22:24:58 EDT">
          <reporter-output>
          </reporter-output>
        </test-method> <!-- setUpBrowser -->
        <test-method status="FAIL" signature="TC_DD_PDP_ProductDetails_Cases(java.util.Hashtable)[pri:0, instance:com.dollardays.testcases.Team9_ProductDescriptionPageTestCases@4a7f959b]" name="TC_DD_PDP_ProductDetails_Cases" duration-ms="1" started-at="2020-10-02T22:24:58 EDT" data-provider="dd-dataprovider" finished-at="2020-10-02T22:24:58 EDT">
          <params>
            <param index="0">
              <value>
                <![CDATA[{TestCase=Verify Product specifications are displayed., Password=cGFzc3dvcmQxMjM=, Runmode=Yes, SheetName=Product Details, Verify Value=Product Specifications, UserName=srikanthtesting100@gmail.com, TCID=TC3}]]>
              </value>
            </param>
          </params>
          <exception class="java.lang.NullPointerException">
            <full-stacktrace>
              <![CDATA[java.lang.NullPointerException
at com.dollardays.testcases.Team9_ProductDescriptionPageTestCases.TC_DD_PDP_ProductDetails_Cases(Team9_ProductDescriptionPageTestCases.java:28)
at sun.reflect.NativeMethodAccessorImpl.invoke0(Native Method)
at sun.reflect.NativeMethodAccessorImpl.invoke(NativeMethodAccessorImpl.java:62)
at sun.reflect.DelegatingMethodAccessorImpl.invoke(DelegatingMethodAccessorImpl.java:43)
at java.lang.reflect.Method.invoke(Method.java:498)
at org.testng.internal.MethodInvocationHelper.invokeMethod(MethodInvocationHelper.java:132)
at org.testng.internal.TestInvoker.invokeMethod(TestInvoker.java:599)
at org.testng.internal.TestInvoker.invokeTestMethod(TestInvoker.java:174)
at org.testng.internal.MethodRunner.runInSequence(MethodRunner.java:46)
at org.testng.internal.TestInvoker$MethodInvocationAgent.invoke(TestInvoker.java:822)
at org.testng.internal.TestInvoker.invokeTestMethods(TestInvoker.java:147)
at org.testng.internal.TestMethodWorker.invokeTestMethods(TestMethodWorker.java:146)
at org.testng.internal.TestMethodWorker.run(TestMethodWorker.java:128)
at java.util.ArrayList.forEach(ArrayList.java:1257)
at org.testng.TestRunner.privateRun(TestRunner.java:764)
at org.testng.TestRunner.run(TestRunner.java:585)
at org.testng.SuiteRunner.runTest(SuiteRunner.java:384)
at org.testng.SuiteRunner.runSequentially(SuiteRunner.java:378)
at org.testng.SuiteRunner.privateRun(SuiteRunner.java:337)
at org.testng.SuiteRunner.run(SuiteRunner.java:286)
at org.testng.SuiteRunnerWorker.runSuite(SuiteRunnerWorker.java:53)
at org.testng.SuiteRunnerWorker.run(SuiteRunnerWorker.java:96)
at org.testng.TestNG.runSuitesSequentially(TestNG.java:1218)
at org.testng.TestNG.runSuitesLocally(TestNG.java:1140)
at org.testng.TestNG.runSuites(TestNG.java:1069)
at org.testng.TestNG.run(TestNG.java:1037)
at org.testng.remote.AbstractRemoteTestNG.run(AbstractRemoteTestNG.java:115)
at org.testng.remote.RemoteTestNG.initAndRun(RemoteTestNG.java:251)
at org.testng.remote.RemoteTestNG.main(RemoteTestNG.java:77)
]]>
            </full-stacktrace>
          </exception> <!-- java.lang.NullPointerException -->
          <reporter-output>
          </reporter-output>
        </test-method> <!-- TC_DD_PDP_ProductDetails_Cases -->
        <test-method status="PASS" signature="quit()[pri:0, instance:com.dollardays.testcases.Team9_ProductDescriptionPageTestCases@4a7f959b]" name="quit" is-config="true" duration-ms="846" started-at="2020-10-02T22:24:58 EDT" finished-at="2020-10-02T22:24:59 EDT">
          <reporter-output>
          </reporter-output>
        </test-method> <!-- quit -->
        <test-method status="PASS" signature="setUpBrowser()[pri:0, instance:com.dollardays.testcases.Team9_ProductDescriptionPageTestCases@4a7f959b]" name="setUpBrowser" is-config="true" duration-ms="9996" started-at="2020-10-02T22:24:59 EDT" finished-at="2020-10-02T22:25:09 EDT">
          <reporter-output>
          </reporter-output>
        </test-method> <!-- setUpBrowser -->
        <test-method status="FAIL" signature="TC_DD_PDP_ProductDetails_Cases(java.util.Hashtable)[pri:0, instance:com.dollardays.testcases.Team9_ProductDescriptionPageTestCases@4a7f959b]" name="TC_DD_PDP_ProductDetails_Cases" duration-ms="1" started-at="2020-10-02T22:25:09 EDT" data-provider="dd-dataprovider" finished-at="2020-10-02T22:25:09 EDT">
          <params>
            <param index="0">
              <value>
                <![CDATA[{TestCase=Verify Product seller ratings are displayed., Password=cGFzc3dvcmQxMjM=, Runmode=Yes, SheetName=Product Details, Verify Value=Ratings, UserName=srikanthtesting100@gmail.com, TCID=TC4}]]>
              </value>
            </param>
          </params>
          <exception class="java.lang.NullPointerException">
            <full-stacktrace>
              <![CDATA[java.lang.NullPointerException
at com.dollardays.testcases.Team9_ProductDescriptionPageTestCases.TC_DD_PDP_ProductDetails_Cases(Team9_ProductDescriptionPageTestCases.java:28)
at sun.reflect.NativeMethodAccessorImpl.invoke0(Native Method)
at sun.reflect.NativeMethodAccessorImpl.invoke(NativeMethodAccessorImpl.java:62)
at sun.reflect.DelegatingMethodAccessorImpl.invoke(DelegatingMethodAccessorImpl.java:43)
at java.lang.reflect.Method.invoke(Method.java:498)
at org.testng.internal.MethodInvocationHelper.invokeMethod(MethodInvocationHelper.java:132)
at org.testng.internal.TestInvoker.invokeMethod(TestInvoker.java:599)
at org.testng.internal.TestInvoker.invokeTestMethod(TestInvoker.java:174)
at org.testng.internal.MethodRunner.runInSequence(MethodRunner.java:46)
at org.testng.internal.TestInvoker$MethodInvocationAgent.invoke(TestInvoker.java:822)
at org.testng.internal.TestInvoker.invokeTestMethods(TestInvoker.java:147)
at org.testng.internal.TestMethodWorker.invokeTestMethods(TestMethodWorker.java:146)
at org.testng.internal.TestMethodWorker.run(TestMethodWorker.java:128)
at java.util.ArrayList.forEach(ArrayList.java:1257)
at org.testng.TestRunner.privateRun(TestRunner.java:764)
at org.testng.TestRunner.run(TestRunner.java:585)
at org.testng.SuiteRunner.runTest(SuiteRunner.java:384)
at org.testng.SuiteRunner.runSequentially(SuiteRunner.java:378)
at org.testng.SuiteRunner.privateRun(SuiteRunner.java:337)
at org.testng.SuiteRunner.run(SuiteRunner.java:286)
at org.testng.SuiteRunnerWorker.runSuite(SuiteRunnerWorker.java:53)
at org.testng.SuiteRunnerWorker.run(SuiteRunnerWorker.java:96)
at org.testng.TestNG.runSuitesSequentially(TestNG.java:1218)
at org.testng.TestNG.runSuitesLocally(TestNG.java:1140)
at org.testng.TestNG.runSuites(TestNG.java:1069)
at org.testng.TestNG.run(TestNG.java:1037)
at org.testng.remote.AbstractRemoteTestNG.run(AbstractRemoteTestNG.java:115)
at org.testng.remote.RemoteTestNG.initAndRun(RemoteTestNG.java:251)
at org.testng.remote.RemoteTestNG.main(RemoteTestNG.java:77)
]]>
            </full-stacktrace>
          </exception> <!-- java.lang.NullPointerException -->
          <reporter-output>
          </reporter-output>
        </test-method> <!-- TC_DD_PDP_ProductDetails_Cases -->
        <test-method status="PASS" signature="quit()[pri:0, instance:com.dollardays.testcases.Team9_ProductDescriptionPageTestCases@4a7f959b]" name="quit" is-config="true" duration-ms="835" started-at="2020-10-02T22:25:09 EDT" finished-at="2020-10-02T22:25:10 EDT">
          <reporter-output>
          </reporter-output>
        </test-method> <!-- quit -->
        <test-method status="PASS" signature="setUpBrowser()[pri:0, instance:com.dollardays.testcases.Team9_ProductDescriptionPageTestCases@4a7f959b]" name="setUpBrowser" is-config="true" duration-ms="9222" started-at="2020-10-02T22:25:10 EDT" finished-at="2020-10-02T22:25:19 EDT">
          <reporter-output>
          </reporter-output>
        </test-method> <!-- setUpBrowser -->
        <test-method status="FAIL" signature="TC_DD_PDP_ProductDetails_Cases(java.util.Hashtable)[pri:0, instance:com.dollardays.testcases.Team9_ProductDescriptionPageTestCases@4a7f959b]" name="TC_DD_PDP_ProductDetails_Cases" duration-ms="1" started-at="2020-10-02T22:25:19 EDT" data-provider="dd-dataprovider" finished-at="2020-10-02T22:25:19 EDT">
          <params>
            <param index="0">
              <value>
                <![CDATA[{TestCase=Verify all variations of product are displayed., Password=cGFzc3dvcmQxMjM=, Runmode=Yes, SheetName=Product Details, Verify Value=Variations, UserName=srikanthtesting100@gmail.com, TCID=TC5}]]>
              </value>
            </param>
          </params>
          <exception class="java.lang.NullPointerException">
            <full-stacktrace>
              <![CDATA[java.lang.NullPointerException
at com.dollardays.testcases.Team9_ProductDescriptionPageTestCases.TC_DD_PDP_ProductDetails_Cases(Team9_ProductDescriptionPageTestCases.java:28)
at sun.reflect.NativeMethodAccessorImpl.invoke0(Native Method)
at sun.reflect.NativeMethodAccessorImpl.invoke(NativeMethodAccessorImpl.java:62)
at sun.reflect.DelegatingMethodAccessorImpl.invoke(DelegatingMethodAccessorImpl.java:43)
at java.lang.reflect.Method.invoke(Method.java:498)
at org.testng.internal.MethodInvocationHelper.invokeMethod(MethodInvocationHelper.java:132)
at org.testng.internal.TestInvoker.invokeMethod(TestInvoker.java:599)
at org.testng.internal.TestInvoker.invokeTestMethod(TestInvoker.java:174)
at org.testng.internal.MethodRunner.runInSequence(MethodRunner.java:46)
at org.testng.internal.TestInvoker$MethodInvocationAgent.invoke(TestInvoker.java:822)
at org.testng.internal.TestInvoker.invokeTestMethods(TestInvoker.java:147)
at org.testng.internal.TestMethodWorker.invokeTestMethods(TestMethodWorker.java:146)
at org.testng.internal.TestMethodWorker.run(TestMethodWorker.java:128)
at java.util.ArrayList.forEach(ArrayList.java:1257)
at org.testng.TestRunner.privateRun(TestRunner.java:764)
at org.testng.TestRunner.run(TestRunner.java:585)
at org.testng.SuiteRunner.runTest(SuiteRunner.java:384)
at org.testng.SuiteRunner.runSequentially(SuiteRunner.java:378)
at org.testng.SuiteRunner.privateRun(SuiteRunner.java:337)
at org.testng.SuiteRunner.run(SuiteRunner.java:286)
at org.testng.SuiteRunnerWorker.runSuite(SuiteRunnerWorker.java:53)
at org.testng.SuiteRunnerWorker.run(SuiteRunnerWorker.java:96)
at org.testng.TestNG.runSuitesSequentially(TestNG.java:1218)
at org.testng.TestNG.runSuitesLocally(TestNG.java:1140)
at org.testng.TestNG.runSuites(TestNG.java:1069)
at org.testng.TestNG.run(TestNG.java:1037)
at org.testng.remote.AbstractRemoteTestNG.run(AbstractRemoteTestNG.java:115)
at org.testng.remote.RemoteTestNG.initAndRun(RemoteTestNG.java:251)
at org.testng.remote.RemoteTestNG.main(RemoteTestNG.java:77)
]]>
            </full-stacktrace>
          </exception> <!-- java.lang.NullPointerException -->
          <reporter-output>
          </reporter-output>
        </test-method> <!-- TC_DD_PDP_ProductDetails_Cases -->
        <test-method status="PASS" signature="quit()[pri:0, instance:com.dollardays.testcases.Team9_ProductDescriptionPageTestCases@4a7f959b]" name="quit" is-config="true" duration-ms="946" started-at="2020-10-02T22:25:19 EDT" finished-at="2020-10-02T22:25:20 EDT">
          <reporter-output>
          </reporter-output>
        </test-method> <!-- quit -->
        <test-method status="PASS" signature="setUpBrowser()[pri:0, instance:com.dollardays.testcases.Team9_ProductDescriptionPageTestCases@4a7f959b]" name="setUpBrowser" is-config="true" duration-ms="8871" started-at="2020-10-02T22:25:20 EDT" finished-at="2020-10-02T22:25:29 EDT">
          <reporter-output>
          </reporter-output>
        </test-method> <!-- setUpBrowser -->
        <test-method status="FAIL" signature="TC_DD_PDP_ProductDetails_Cases(java.util.Hashtable)[pri:0, instance:com.dollardays.testcases.Team9_ProductDescriptionPageTestCases@4a7f959b]" name="TC_DD_PDP_ProductDetails_Cases" duration-ms="2" started-at="2020-10-02T22:25:29 EDT" data-provider="dd-dataprovider" finished-at="2020-10-02T22:25:29 EDT">
          <params>
            <param index="0">
              <value>
                <![CDATA[{TestCase=Verify Add to Cart is displayed., Password=cGFzc3dvcmQxMjM=, Runmode=Yes, SheetName=Product Details, Verify Value=Add to Cart, UserName=srikanthtesting100@gmail.com, TCID=TC6}]]>
              </value>
            </param>
          </params>
          <exception class="java.lang.NullPointerException">
            <full-stacktrace>
              <![CDATA[java.lang.NullPointerException
at com.dollardays.testcases.Team9_ProductDescriptionPageTestCases.TC_DD_PDP_ProductDetails_Cases(Team9_ProductDescriptionPageTestCases.java:28)
at sun.reflect.NativeMethodAccessorImpl.invoke0(Native Method)
at sun.reflect.NativeMethodAccessorImpl.invoke(NativeMethodAccessorImpl.java:62)
at sun.reflect.DelegatingMethodAccessorImpl.invoke(DelegatingMethodAccessorImpl.java:43)
at java.lang.reflect.Method.invoke(Method.java:498)
at org.testng.internal.MethodInvocationHelper.invokeMethod(MethodInvocationHelper.java:132)
at org.testng.internal.TestInvoker.invokeMethod(TestInvoker.java:599)
at org.testng.internal.TestInvoker.invokeTestMethod(TestInvoker.java:174)
at org.testng.internal.MethodRunner.runInSequence(MethodRunner.java:46)
at org.testng.internal.TestInvoker$MethodInvocationAgent.invoke(TestInvoker.java:822)
at org.testng.internal.TestInvoker.invokeTestMethods(TestInvoker.java:147)
at org.testng.internal.TestMethodWorker.invokeTestMethods(TestMethodWorker.java:146)
at org.testng.internal.TestMethodWorker.run(TestMethodWorker.java:128)
at java.util.ArrayList.forEach(ArrayList.java:1257)
at org.testng.TestRunner.privateRun(TestRunner.java:764)
at org.testng.TestRunner.run(TestRunner.java:585)
at org.testng.SuiteRunner.runTest(SuiteRunner.java:384)
at org.testng.SuiteRunner.runSequentially(SuiteRunner.java:378)
at org.testng.SuiteRunner.privateRun(SuiteRunner.java:337)
at org.testng.SuiteRunner.run(SuiteRunner.java:286)
at org.testng.SuiteRunnerWorker.runSuite(SuiteRunnerWorker.java:53)
at org.testng.SuiteRunnerWorker.run(SuiteRunnerWorker.java:96)
at org.testng.TestNG.runSuitesSequentially(TestNG.java:1218)
at org.testng.TestNG.runSuitesLocally(TestNG.java:1140)
at org.testng.TestNG.runSuites(TestNG.java:1069)
at org.testng.TestNG.run(TestNG.java:1037)
at org.testng.remote.AbstractRemoteTestNG.run(AbstractRemoteTestNG.java:115)
at org.testng.remote.RemoteTestNG.initAndRun(RemoteTestNG.java:251)
at org.testng.remote.RemoteTestNG.main(RemoteTestNG.java:77)
]]>
            </full-stacktrace>
          </exception> <!-- java.lang.NullPointerException -->
          <reporter-output>
          </reporter-output>
        </test-method> <!-- TC_DD_PDP_ProductDetails_Cases -->
        <test-method status="PASS" signature="quit()[pri:0, instance:com.dollardays.testcases.Team9_ProductDescriptionPageTestCases@4a7f959b]" name="quit" is-config="true" duration-ms="909" started-at="2020-10-02T22:25:29 EDT" finished-at="2020-10-02T22:25:30 EDT">
          <reporter-output>
          </reporter-output>
        </test-method> <!-- quit -->
        <test-method status="PASS" signature="setUpBrowser()[pri:0, instance:com.dollardays.testcases.Team9_ProductDescriptionPageTestCases@4a7f959b]" name="setUpBrowser" is-config="true" duration-ms="9412" started-at="2020-10-02T22:25:30 EDT" finished-at="2020-10-02T22:25:39 EDT">
          <reporter-output>
          </reporter-output>
        </test-method> <!-- setUpBrowser -->
        <test-method status="FAIL" signature="TC_DD_PDP_ProductDetails_Cases(java.util.Hashtable)[pri:0, instance:com.dollardays.testcases.Team9_ProductDescriptionPageTestCases@4a7f959b]" name="TC_DD_PDP_ProductDetails_Cases" duration-ms="1" started-at="2020-10-02T22:25:39 EDT" data-provider="dd-dataprovider" finished-at="2020-10-02T22:25:39 EDT">
          <params>
            <param index="0">
              <value>
                <![CDATA[{TestCase=Verify Product description is displayed., Password=cGFzc3dvcmQxMjM=, Runmode=Yes, SheetName=Product Details, Verify Value=Product Description, UserName=srikanthtesting100@gmail.com, TCID=TC7}]]>
              </value>
            </param>
          </params>
          <exception class="java.lang.NullPointerException">
            <full-stacktrace>
              <![CDATA[java.lang.NullPointerException
at com.dollardays.testcases.Team9_ProductDescriptionPageTestCases.TC_DD_PDP_ProductDetails_Cases(Team9_ProductDescriptionPageTestCases.java:28)
at sun.reflect.NativeMethodAccessorImpl.invoke0(Native Method)
at sun.reflect.NativeMethodAccessorImpl.invoke(NativeMethodAccessorImpl.java:62)
at sun.reflect.DelegatingMethodAccessorImpl.invoke(DelegatingMethodAccessorImpl.java:43)
at java.lang.reflect.Method.invoke(Method.java:498)
at org.testng.internal.MethodInvocationHelper.invokeMethod(MethodInvocationHelper.java:132)
at org.testng.internal.TestInvoker.invokeMethod(TestInvoker.java:599)
at org.testng.internal.TestInvoker.invokeTestMethod(TestInvoker.java:174)
at org.testng.internal.MethodRunner.runInSequence(MethodRunner.java:46)
at org.testng.internal.TestInvoker$MethodInvocationAgent.invoke(TestInvoker.java:822)
at org.testng.internal.TestInvoker.invokeTestMethods(TestInvoker.java:147)
at org.testng.internal.TestMethodWorker.invokeTestMethods(TestMethodWorker.java:146)
at org.testng.internal.TestMethodWorker.run(TestMethodWorker.java:128)
at java.util.ArrayList.forEach(ArrayList.java:1257)
at org.testng.TestRunner.privateRun(TestRunner.java:764)
at org.testng.TestRunner.run(TestRunner.java:585)
at org.testng.SuiteRunner.runTest(SuiteRunner.java:384)
at org.testng.SuiteRunner.runSequentially(SuiteRunner.java:378)
at org.testng.SuiteRunner.privateRun(SuiteRunner.java:337)
at org.testng.SuiteRunner.run(SuiteRunner.java:286)
at org.testng.SuiteRunnerWorker.runSuite(SuiteRunnerWorker.java:53)
at org.testng.SuiteRunnerWorker.run(SuiteRunnerWorker.java:96)
at org.testng.TestNG.runSuitesSequentially(TestNG.java:1218)
at org.testng.TestNG.runSuitesLocally(TestNG.java:1140)
at org.testng.TestNG.runSuites(TestNG.java:1069)
at org.testng.TestNG.run(TestNG.java:1037)
at org.testng.remote.AbstractRemoteTestNG.run(AbstractRemoteTestNG.java:115)
at org.testng.remote.RemoteTestNG.initAndRun(RemoteTestNG.java:251)
at org.testng.remote.RemoteTestNG.main(RemoteTestNG.java:77)
]]>
            </full-stacktrace>
          </exception> <!-- java.lang.NullPointerException -->
          <reporter-output>
          </reporter-output>
        </test-method> <!-- TC_DD_PDP_ProductDetails_Cases -->
        <test-method status="PASS" signature="quit()[pri:0, instance:com.dollardays.testcases.Team9_ProductDescriptionPageTestCases@4a7f959b]" name="quit" is-config="true" duration-ms="853" started-at="2020-10-02T22:25:39 EDT" finished-at="2020-10-02T22:25:40 EDT">
          <reporter-output>
          </reporter-output>
        </test-method> <!-- quit -->
        <test-method status="PASS" signature="setUpBrowser()[pri:0, instance:com.dollardays.testcases.Team9_ProductDescriptionPageTestCases@4a7f959b]" name="setUpBrowser" is-config="true" duration-ms="9172" started-at="2020-10-02T22:25:40 EDT" finished-at="2020-10-02T22:25:49 EDT">
          <reporter-output>
          </reporter-output>
        </test-method> <!-- setUpBrowser -->
        <test-method status="FAIL" signature="TC_DD_PDP_ProductDetails_Cases(java.util.Hashtable)[pri:0, instance:com.dollardays.testcases.Team9_ProductDescriptionPageTestCases@4a7f959b]" name="TC_DD_PDP_ProductDetails_Cases" duration-ms="2" started-at="2020-10-02T22:25:49 EDT" data-provider="dd-dataprovider" finished-at="2020-10-02T22:25:49 EDT">
          <params>
            <param index="0">
              <value>
                <![CDATA[{TestCase=Verify "Have a question?" Field is displayed., Password=cGFzc3dvcmQxMjM=, Runmode=Yes, SheetName=Product Details, Verify Value=Have a question, UserName=srikanthtesting100@gmail.com, TCID=TC8}]]>
              </value>
            </param>
          </params>
          <exception class="java.lang.NullPointerException">
            <full-stacktrace>
              <![CDATA[java.lang.NullPointerException
at com.dollardays.testcases.Team9_ProductDescriptionPageTestCases.TC_DD_PDP_ProductDetails_Cases(Team9_ProductDescriptionPageTestCases.java:28)
at sun.reflect.NativeMethodAccessorImpl.invoke0(Native Method)
at sun.reflect.NativeMethodAccessorImpl.invoke(NativeMethodAccessorImpl.java:62)
at sun.reflect.DelegatingMethodAccessorImpl.invoke(DelegatingMethodAccessorImpl.java:43)
at java.lang.reflect.Method.invoke(Method.java:498)
at org.testng.internal.MethodInvocationHelper.invokeMethod(MethodInvocationHelper.java:132)
at org.testng.internal.TestInvoker.invokeMethod(TestInvoker.java:599)
at org.testng.internal.TestInvoker.invokeTestMethod(TestInvoker.java:174)
at org.testng.internal.MethodRunner.runInSequence(MethodRunner.java:46)
at org.testng.internal.TestInvoker$MethodInvocationAgent.invoke(TestInvoker.java:822)
at org.testng.internal.TestInvoker.invokeTestMethods(TestInvoker.java:147)
at org.testng.internal.TestMethodWorker.invokeTestMethods(TestMethodWorker.java:146)
at org.testng.internal.TestMethodWorker.run(TestMethodWorker.java:128)
at java.util.ArrayList.forEach(ArrayList.java:1257)
at org.testng.TestRunner.privateRun(TestRunner.java:764)
at org.testng.TestRunner.run(TestRunner.java:585)
at org.testng.SuiteRunner.runTest(SuiteRunner.java:384)
at org.testng.SuiteRunner.runSequentially(SuiteRunner.java:378)
at org.testng.SuiteRunner.privateRun(SuiteRunner.java:337)
at org.testng.SuiteRunner.run(SuiteRunner.java:286)
at org.testng.SuiteRunnerWorker.runSuite(SuiteRunnerWorker.java:53)
at org.testng.SuiteRunnerWorker.run(SuiteRunnerWorker.java:96)
at org.testng.TestNG.runSuitesSequentially(TestNG.java:1218)
at org.testng.TestNG.runSuitesLocally(TestNG.java:1140)
at org.testng.TestNG.runSuites(TestNG.java:1069)
at org.testng.TestNG.run(TestNG.java:1037)
at org.testng.remote.AbstractRemoteTestNG.run(AbstractRemoteTestNG.java:115)
at org.testng.remote.RemoteTestNG.initAndRun(RemoteTestNG.java:251)
at org.testng.remote.RemoteTestNG.main(RemoteTestNG.java:77)
]]>
            </full-stacktrace>
          </exception> <!-- java.lang.NullPointerException -->
          <reporter-output>
          </reporter-output>
        </test-method> <!-- TC_DD_PDP_ProductDetails_Cases -->
        <test-method status="PASS" signature="quit()[pri:0, instance:com.dollardays.testcases.Team9_ProductDescriptionPageTestCases@4a7f959b]" name="quit" is-config="true" duration-ms="919" started-at="2020-10-02T22:25:49 EDT" finished-at="2020-10-02T22:25:50 EDT">
          <reporter-output>
          </reporter-output>
        </test-method> <!-- quit -->
        <test-method status="PASS" signature="setUpBrowser()[pri:0, instance:com.dollardays.testcases.Team9_ProductDescriptionPageTestCases@4a7f959b]" name="setUpBrowser" is-config="true" duration-ms="8814" started-at="2020-10-02T22:25:50 EDT" finished-at="2020-10-02T22:25:59 EDT">
          <reporter-output>
          </reporter-output>
        </test-method> <!-- setUpBrowser -->
        <test-method status="FAIL" signature="TC_DD_PDP_ProductDetails_Cases(java.util.Hashtable)[pri:0, instance:com.dollardays.testcases.Team9_ProductDescriptionPageTestCases@4a7f959b]" name="TC_DD_PDP_ProductDetails_Cases" duration-ms="1" started-at="2020-10-02T22:25:59 EDT" data-provider="dd-dataprovider" finished-at="2020-10-02T22:25:59 EDT">
          <params>
            <param index="0">
              <value>
                <![CDATA[{TestCase=Verify Write review button is displayed., Password=cGFzc3dvcmQxMjM=, Runmode=Yes, SheetName=Product Details, Verify Value=Write Review, UserName=srikanthtesting100@gmail.com, TCID=TC9}]]>
              </value>
            </param>
          </params>
          <exception class="java.lang.NullPointerException">
            <full-stacktrace>
              <![CDATA[java.lang.NullPointerException
at com.dollardays.testcases.Team9_ProductDescriptionPageTestCases.TC_DD_PDP_ProductDetails_Cases(Team9_ProductDescriptionPageTestCases.java:28)
at sun.reflect.NativeMethodAccessorImpl.invoke0(Native Method)
at sun.reflect.NativeMethodAccessorImpl.invoke(NativeMethodAccessorImpl.java:62)
at sun.reflect.DelegatingMethodAccessorImpl.invoke(DelegatingMethodAccessorImpl.java:43)
at java.lang.reflect.Method.invoke(Method.java:498)
at org.testng.internal.MethodInvocationHelper.invokeMethod(MethodInvocationHelper.java:132)
at org.testng.internal.TestInvoker.invokeMethod(TestInvoker.java:599)
at org.testng.internal.TestInvoker.invokeTestMethod(TestInvoker.java:174)
at org.testng.internal.MethodRunner.runInSequence(MethodRunner.java:46)
at org.testng.internal.TestInvoker$MethodInvocationAgent.invoke(TestInvoker.java:822)
at org.testng.internal.TestInvoker.invokeTestMethods(TestInvoker.java:147)
at org.testng.internal.TestMethodWorker.invokeTestMethods(TestMethodWorker.java:146)
at org.testng.internal.TestMethodWorker.run(TestMethodWorker.java:128)
at java.util.ArrayList.forEach(ArrayList.java:1257)
at org.testng.TestRunner.privateRun(TestRunner.java:764)
at org.testng.TestRunner.run(TestRunner.java:585)
at org.testng.SuiteRunner.runTest(SuiteRunner.java:384)
at org.testng.SuiteRunner.runSequentially(SuiteRunner.java:378)
at org.testng.SuiteRunner.privateRun(SuiteRunner.java:337)
at org.testng.SuiteRunner.run(SuiteRunner.java:286)
at org.testng.SuiteRunnerWorker.runSuite(SuiteRunnerWorker.java:53)
at org.testng.SuiteRunnerWorker.run(SuiteRunnerWorker.java:96)
at org.testng.TestNG.runSuitesSequentially(TestNG.java:1218)
at org.testng.TestNG.runSuitesLocally(TestNG.java:1140)
at org.testng.TestNG.runSuites(TestNG.java:1069)
at org.testng.TestNG.run(TestNG.java:1037)
at org.testng.remote.AbstractRemoteTestNG.run(AbstractRemoteTestNG.java:115)
at org.testng.remote.RemoteTestNG.initAndRun(RemoteTestNG.java:251)
at org.testng.remote.RemoteTestNG.main(RemoteTestNG.java:77)
]]>
            </full-stacktrace>
          </exception> <!-- java.lang.NullPointerException -->
          <reporter-output>
          </reporter-output>
        </test-method> <!-- TC_DD_PDP_ProductDetails_Cases -->
        <test-method status="PASS" signature="quit()[pri:0, instance:com.dollardays.testcases.Team9_ProductDescriptionPageTestCases@4a7f959b]" name="quit" is-config="true" duration-ms="912" started-at="2020-10-02T22:25:59 EDT" finished-at="2020-10-02T22:26:00 EDT">
          <reporter-output>
          </reporter-output>
        </test-method> <!-- quit -->
        <test-method status="PASS" signature="afterClass()[pri:0, instance:com.dollardays.testcases.Team9_ProductDescriptionPageTestCases@4a7f959b]" name="afterClass" is-config="true" duration-ms="0" started-at="2020-10-02T22:26:00 EDT" finished-at="2020-10-02T22:26:00 EDT">
          <reporter-output>
          </reporter-output>
        </test-method> <!-- afterClass -->
      </class> <!-- com.dollardays.testcases.Team9_ProductDescriptionPageTestCases -->
    </test> <!-- Default test -->
  </suite> <!-- Default suite -->
</testng-results>
