<?xml version="1.0" encoding="UTF-8"?>
<!-- Generated by org.testng.reporters.JUnitReportReporter -->
<testsuite skipped="6" hostname="MININT-UM25UFB" name="com.dollardays.testcases.Team1LoginTestcase" tests="7" failures="0" timestamp="2020-10-01T08:46:07 EDT" time="2.318" errors="1">
  <testcase name="tc_01_SignInPage_ValidUsername_Password" time="0.000" classname="com.dollardays.testcases.Team1LoginTestcase">
    <skipped/>
  </testcase> <!-- tc_01_SignInPage_ValidUsername_Password -->
  <system-out/>
  <testcase name="tc_04_SignInPageInValidEmailAddressFormat" time="0.000" classname="com.dollardays.testcases.Team1LoginTestcase">
    <skipped/>
  </testcase> <!-- tc_04_SignInPageInValidEmailAddressFormat -->
  <system-out/>
  <testcase name="tc_SignInPage_Display_SignIn_Name" time="0.000" classname="com.dollardays.testcases.Team1LoginTestcase">
    <skipped/>
  </testcase> <!-- tc_SignInPage_Display_SignIn_Name -->
  <system-out/>
  <testcase name="tc_02_SignInPageValidUsername_EmptyPassword" time="0.000" classname="com.dollardays.testcases.Team1LoginTestcase">
    <skipped/>
  </testcase> <!-- tc_02_SignInPageValidUsername_EmptyPassword -->
  <system-out/>
  <testcase name="setUpBrowser" time="2.318" classname="com.dollardays.testcases.Team1LoginTestcase">
    <error type="java.lang.Exception" message="Driver Not Found">
      <![CDATA[java.lang.Exception: Driver Not Found
at com.dollardays.testcases.BaseTest.openBrowser(BaseTest.java:78)
at com.dollardays.testcases.BaseTest.setUpBrowser(BaseTest.java:100)
at sun.reflect.NativeMethodAccessorImpl.invoke0(Native Method)
at sun.reflect.NativeMethodAccessorImpl.invoke(NativeMethodAccessorImpl.java:62)
at sun.reflect.DelegatingMethodAccessorImpl.invoke(DelegatingMethodAccessorImpl.java:43)
at java.lang.reflect.Method.invoke(Method.java:498)
at org.testng.internal.MethodInvocationHelper.invokeMethod(MethodInvocationHelper.java:132)
at org.testng.internal.MethodInvocationHelper.invokeMethodConsideringTimeout(MethodInvocationHelper.java:61)
at org.testng.internal.ConfigInvoker.invokeConfigurationMethod(ConfigInvoker.java:366)
at org.testng.internal.ConfigInvoker.invokeConfigurations(ConfigInvoker.java:320)
at org.testng.internal.TestInvoker.runConfigMethods(TestInvoker.java:701)
at org.testng.internal.TestInvoker.invokeMethod(TestInvoker.java:527)
at org.testng.internal.TestInvoker.invokeTestMethod(TestInvoker.java:174)
at org.testng.internal.MethodRunner.runInSequence(MethodRunner.java:46)
at org.testng.internal.TestInvoker$MethodInvocationAgent.invoke(TestInvoker.java:822)
at org.testng.internal.TestInvoker.invokeTestMethods(TestInvoker.java:147)
at org.testng.internal.TestMethodWorker.invokeTestMethods(TestMethodWorker.java:146)
at org.testng.internal.TestMethodWorker.run(TestMethodWorker.java:128)
at java.util.ArrayList.forEach(ArrayList.java:1259)
at org.testng.TestRunner.privateRun(TestRunner.java:764)
at org.testng.TestRunner.run(TestRunner.java:585)
at org.testng.SuiteRunner.runTest(SuiteRunner.java:384)
at org.testng.SuiteRunner.runSequentially(SuiteRunner.java:378)
at org.testng.SuiteRunner.privateRun(SuiteRunner.java:337)
at org.testng.SuiteRunner.run(SuiteRunner.java:286)
at org.testng.SuiteRunnerWorker.runSuite(SuiteRunnerWorker.java:53)
at org.testng.SuiteRunnerWorker.run(SuiteRunnerWorker.java:96)
at org.testng.TestNG.runSuitesSequentially(TestNG.java:1218)
at org.testng.TestNG.runSuitesSequentially(TestNG.java:1213)
at org.testng.TestNG.runSuitesLocally(TestNG.java:1140)
at org.testng.TestNG.runSuites(TestNG.java:1069)
at org.testng.TestNG.run(TestNG.java:1037)
at org.testng.remote.AbstractRemoteTestNG.run(AbstractRemoteTestNG.java:115)
at org.testng.remote.RemoteTestNG.initAndRun(RemoteTestNG.java:251)
at org.testng.remote.RemoteTestNG.main(RemoteTestNG.java:77)
]]>
    </error>
  </testcase> <!-- setUpBrowser -->
  <system-out/>
  <testcase name="tc_03_SignInPageEmptyUsername_EmptyPassword" time="0.000" classname="com.dollardays.testcases.Team1LoginTestcase">
    <skipped/>
  </testcase> <!-- tc_03_SignInPageEmptyUsername_EmptyPassword -->
  <system-out/>
  <testcase name="tc_05_SignInPageValidEmailAddress_InvalidPassword" time="0.000" classname="com.dollardays.testcases.Team1LoginTestcase">
    <skipped/>
  </testcase> <!-- tc_05_SignInPageValidEmailAddress_InvalidPassword -->
  <system-out/>
</testsuite> <!-- com.dollardays.testcases.Team1LoginTestcase -->
